{"level":"info","message":"DB conectada","timestamp":"2023-12-20T15:34:22.956Z"}
{"level":"http","message":"✅Server escuchando in the port: 8080","timestamp":"2023-12-20T15:34:22.964Z"}
{"level":"info","message":"DB conectada","timestamp":"2023-12-20T15:35:00.852Z"}
{"level":"http","message":"✅Server escuchando in the port: 8080","timestamp":"2023-12-20T15:35:00.858Z"}
{"level":"info","message":"DB conectada","timestamp":"2023-12-20T16:03:43.319Z"}
{"level":"http","message":"✅Server escuchando in the port: 8080","timestamp":"2023-12-20T16:03:43.324Z"}
{"level":"info","message":"DB conectada","timestamp":"2023-12-20T16:16:08.293Z"}
{"level":"http","message":"✅Server escuchando in the port: 8080","timestamp":"2023-12-20T16:16:08.298Z"}
{"level":"info","message":"DB conectada","timestamp":"2023-12-21T15:34:27.031Z"}
{"level":"http","message":"✅Server escuchando in the port: 8080","timestamp":"2023-12-21T15:34:27.037Z"}
{"level":"info","message":"DB conectada","timestamp":"2023-12-21T15:35:09.689Z"}
{"level":"http","message":"✅Server escuchando in the port: 8080","timestamp":"2023-12-21T15:35:09.695Z"}
{"level":"info","message":"DB conectada","timestamp":"2023-12-21T15:46:50.135Z"}
{"level":"http","message":"✅Server escuchando in the port: 8080","timestamp":"2023-12-21T15:46:50.140Z"}
{"level":"info","message":"DB conectada","timestamp":"2023-12-21T15:47:32.953Z"}
{"level":"http","message":"✅Server escuchando in the port: 8080","timestamp":"2023-12-21T15:47:32.958Z"}
{"level":"info","message":"DB conectada","timestamp":"2023-12-21T15:51:22.787Z"}
{"level":"http","message":"✅Server escuchando in the port: 8080","timestamp":"2023-12-21T15:51:22.793Z"}
{"level":"info","message":"DB conectada","timestamp":"2023-12-21T16:04:14.250Z"}
{"level":"http","message":"✅Server escuchando in the port: 8080","timestamp":"2023-12-21T16:04:14.256Z"}
{"level":"info","message":"DB conectada","timestamp":"2023-12-21T16:07:56.224Z"}
{"level":"http","message":"✅Server escuchando in the port: 8080","timestamp":"2023-12-21T16:07:56.230Z"}
{"level":"info","message":"DB conectada","timestamp":"2023-12-21T16:08:22.352Z"}
{"level":"http","message":"✅Server escuchando in the port: 8080","timestamp":"2023-12-21T16:08:22.357Z"}
{"level":"info","message":"DB conectada","timestamp":"2023-12-21T16:09:04.835Z"}
{"level":"http","message":"✅Server escuchando in the port: 8080","timestamp":"2023-12-21T16:09:04.841Z"}
{"level":"info","message":"DB conectada","timestamp":"2023-12-21T16:09:27.643Z"}
{"level":"http","message":"✅Server escuchando in the port: 8080","timestamp":"2023-12-21T16:09:27.649Z"}
{"level":"info","message":"DB conectada","timestamp":"2023-12-21T16:14:48.618Z"}
{"level":"http","message":"✅Server escuchando in the port: 8080","timestamp":"2023-12-21T16:14:48.624Z"}
{"level":"info","message":"DB conectada","timestamp":"2023-12-21T16:15:52.085Z"}
{"level":"http","message":"✅Server escuchando in the port: 8080","timestamp":"2023-12-21T16:15:52.091Z"}
{"level":"info","message":"DB conectada","timestamp":"2023-12-21T16:20:20.339Z"}
{"level":"http","message":"✅Server escuchando in the port: 8080","timestamp":"2023-12-21T16:20:20.345Z"}
{"level":"info","message":"DB conectada","timestamp":"2023-12-21T17:55:30.945Z"}
{"level":"http","message":"✅Server escuchando in the port: 8080","timestamp":"2023-12-21T17:55:30.950Z"}
{"level":"info","message":"DB conectada","timestamp":"2023-12-21T17:57:44.396Z"}
{"level":"http","message":"✅Server escuchando in the port: 8080","timestamp":"2023-12-21T17:57:44.400Z"}
{"level":"info","message":"DB conectada","timestamp":"2023-12-22T11:19:49.407Z"}
{"level":"http","message":"✅Server escuchando in the port: 8080","timestamp":"2023-12-22T11:19:49.418Z"}
{"level":"http","message":"GET / - 08:20:04","timestamp":"2023-12-22T11:20:04.631Z"}
{"level":"http","message":"GET /CSS/stylelogin.css - 08:20:04","timestamp":"2023-12-22T11:20:04.786Z"}
{"level":"http","message":"GET /CSS/style.css - 08:20:04","timestamp":"2023-12-22T11:20:04.790Z"}
{"level":"http","message":"GET /CSS/styleAllProducts.css - 08:20:04","timestamp":"2023-12-22T11:20:04.792Z"}
{"level":"http","message":"GET /api/sessions/currentuser - 08:20:15","timestamp":"2023-12-22T11:20:15.297Z"}
{"level":"http","message":"GET /favicon.ico - 08:20:15","timestamp":"2023-12-22T11:20:15.418Z"}
{"level":"http","message":"GET /login - 08:23:47","timestamp":"2023-12-22T11:23:47.619Z"}
{"level":"http","message":"GET /CSS/stylelogin.css - 08:23:47","timestamp":"2023-12-22T11:23:47.836Z"}
{"level":"http","message":"GET /CSS/styleAllProducts.css - 08:23:47","timestamp":"2023-12-22T11:23:47.854Z"}
{"level":"http","message":"GET /CSS/style.css - 08:23:47","timestamp":"2023-12-22T11:23:47.859Z"}
{"level":"http","message":"GET /api/sessions/currentuser - 08:23:49","timestamp":"2023-12-22T11:23:49.192Z"}
{"level":"info","message":"DB conectada","timestamp":"2023-12-22T11:33:48.490Z"}
{"level":"http","message":"✅Server escuchando in the port: 8080","timestamp":"2023-12-22T11:33:48.495Z"}
{"level":"http","message":"GET /login - 08:33:52","timestamp":"2023-12-22T11:33:52.502Z"}
{"level":"http","message":"GET /CSS/stylelogin.css - 08:34:03","timestamp":"2023-12-22T11:34:03.463Z"}
{"level":"http","message":"GET /CSS/styleAllProducts.css - 08:34:03","timestamp":"2023-12-22T11:34:03.471Z"}
{"level":"http","message":"GET /api/sessions/currentuser - 08:34:04","timestamp":"2023-12-22T11:34:04.916Z"}
{"level":"http","message":"GET /CSS/stylelogin.css - 08:35:45","timestamp":"2023-12-22T11:35:45.664Z"}
{"level":"http","message":"GET /CSS/styleAllProducts.css - 08:35:45","timestamp":"2023-12-22T11:35:45.669Z"}
{"level":"http","message":"GET /login - 08:39:18","timestamp":"2023-12-22T11:39:18.100Z"}
{"level":"http","message":"GET /CSS/stylelogin.css - 08:39:18","timestamp":"2023-12-22T11:39:18.442Z"}
{"level":"http","message":"GET /CSS/styleAllProducts.css - 08:39:18","timestamp":"2023-12-22T11:39:18.448Z"}
{"level":"http","message":"GET /api/sessions/currentuser - 08:39:18","timestamp":"2023-12-22T11:39:18.712Z"}
{"level":"http","message":"GET /login - 08:39:55","timestamp":"2023-12-22T11:39:55.112Z"}
{"level":"http","message":"GET /CSS/stylelogin.css - 08:39:55","timestamp":"2023-12-22T11:39:55.465Z"}
{"level":"http","message":"GET /CSS/styleAllProducts.css - 08:39:55","timestamp":"2023-12-22T11:39:55.476Z"}
{"level":"http","message":"GET /api/sessions/currentuser - 08:39:55","timestamp":"2023-12-22T11:39:55.727Z"}
{"level":"http","message":"GET /login - 08:42:47","timestamp":"2023-12-22T11:42:47.953Z"}
{"level":"http","message":"GET /api/sessions/currentuser - 08:42:48","timestamp":"2023-12-22T11:42:48.433Z"}
{"level":"http","message":"GET /login - 08:43:59","timestamp":"2023-12-22T11:43:59.594Z"}
{"level":"http","message":"GET /api/sessions/currentuser - 08:43:59","timestamp":"2023-12-22T11:43:59.924Z"}
{"level":"http","message":"GET /login - 08:45:17","timestamp":"2023-12-22T11:45:17.652Z"}
{"level":"http","message":"GET /api/sessions/currentuser - 08:45:17","timestamp":"2023-12-22T11:45:17.938Z"}
{"level":"http","message":"GET /login - 08:46:03","timestamp":"2023-12-22T11:46:03.485Z"}
{"level":"http","message":"GET /api/sessions/currentuser - 08:46:04","timestamp":"2023-12-22T11:46:04.014Z"}
{"level":"http","message":"GET /register - 08:46:06","timestamp":"2023-12-22T11:46:06.670Z"}
{"level":"http","message":"GET /api/sessions/currentuser - 08:46:06","timestamp":"2023-12-22T11:46:06.954Z"}
{"level":"http","message":"GET /login - 08:48:25","timestamp":"2023-12-22T11:48:25.443Z"}
{"level":"http","message":"GET /api/sessions/currentuser - 08:48:26","timestamp":"2023-12-22T11:48:26.011Z"}
{"level":"http","message":"GET /register - 08:48:34","timestamp":"2023-12-22T11:48:34.195Z"}
{"level":"http","message":"GET /api/sessions/currentuser - 08:48:34","timestamp":"2023-12-22T11:48:34.819Z"}
{"level":"http","message":"GET /register - 08:52:55","timestamp":"2023-12-22T11:52:55.524Z"}
{"level":"http","message":"GET /api/sessions/currentuser - 08:52:55","timestamp":"2023-12-22T11:52:55.810Z"}
{"level":"http","message":"GET /register - 08:53:06","timestamp":"2023-12-22T11:53:06.643Z"}
{"level":"http","message":"GET /api/sessions/currentuser - 08:53:07","timestamp":"2023-12-22T11:53:07.257Z"}
{"level":"http","message":"GET /register - 08:54:16","timestamp":"2023-12-22T11:54:16.138Z"}
{"level":"http","message":"GET /api/sessions/currentuser - 08:54:16","timestamp":"2023-12-22T11:54:16.416Z"}
{"level":"http","message":"GET /register - 08:56:51","timestamp":"2023-12-22T11:56:51.453Z"}
{"level":"http","message":"GET /api/sessions/currentuser - 08:56:51","timestamp":"2023-12-22T11:56:51.783Z"}
{"level":"http","message":"GET /register - 08:58:55","timestamp":"2023-12-22T11:58:55.402Z"}
{"level":"http","message":"GET /api/sessions/currentuser - 08:58:55","timestamp":"2023-12-22T11:58:55.660Z"}
{"level":"http","message":"GET /register - 08:59:27","timestamp":"2023-12-22T11:59:27.346Z"}
{"level":"http","message":"GET /api/sessions/currentuser - 08:59:27","timestamp":"2023-12-22T11:59:27.665Z"}
{"level":"http","message":"GET /register - 09:02:18","timestamp":"2023-12-22T12:02:18.267Z"}
{"level":"http","message":"GET /api/sessions/currentuser - 09:02:18","timestamp":"2023-12-22T12:02:18.560Z"}
{"level":"http","message":"GET /register - 09:04:37","timestamp":"2023-12-22T12:04:37.553Z"}
{"level":"http","message":"GET /api/sessions/currentuser - 09:04:37","timestamp":"2023-12-22T12:04:37.870Z"}
{"level":"http","message":"GET /register - 09:06:36","timestamp":"2023-12-22T12:06:36.390Z"}
{"level":"http","message":"GET /api/sessions/currentuser - 09:06:36","timestamp":"2023-12-22T12:06:36.757Z"}
{"level":"http","message":"GET /login - 09:07:06","timestamp":"2023-12-22T12:07:06.883Z"}
{"level":"http","message":"GET /api/sessions/currentuser - 09:07:07","timestamp":"2023-12-22T12:07:07.393Z"}
{"level":"http","message":"POST /api/session/login - 09:07:31","timestamp":"2023-12-22T12:07:31.234Z"}
{"level":"http","message":"POST /api/session/login - 09:08:24","timestamp":"2023-12-22T12:08:24.541Z"}
{"level":"http","message":"POST /api/session/login - 09:09:35","timestamp":"2023-12-22T12:09:35.824Z"}
{"level":"http","message":"POST /api/session/login - 09:10:58","timestamp":"2023-12-22T12:10:58.686Z"}
{"level":"info","message":"DB conectada","timestamp":"2023-12-22T12:11:15.595Z"}
{"level":"http","message":"✅Server escuchando in the port: 8080","timestamp":"2023-12-22T12:11:15.601Z"}
{"level":"http","message":"GET /login - 09:11:22","timestamp":"2023-12-22T12:11:22.116Z"}
{"level":"http","message":"GET /api/sessions/currentuser - 09:11:22","timestamp":"2023-12-22T12:11:22.558Z"}
{"level":"http","message":"GET /login - 09:12:58","timestamp":"2023-12-22T12:12:58.892Z"}
{"level":"http","message":"GET /api/sessions/currentuser - 09:12:59","timestamp":"2023-12-22T12:12:59.453Z"}
{"level":"http","message":"POST / - 09:13:04","timestamp":"2023-12-22T12:13:04.052Z"}
{"level":"http","message":"GET /home - 11:47:04","timestamp":"2023-12-22T14:47:04.918Z"}
{"level":"http","message":"GET /api/sessions/home - 11:47:15","timestamp":"2023-12-22T14:47:15.693Z"}
{"level":"http","message":"GET /home - 13:09:56","timestamp":"2023-12-22T16:09:56.337Z"}
{"level":"http","message":"GET /login - 13:10:05","timestamp":"2023-12-22T16:10:05.106Z"}
{"level":"http","message":"GET /api/sessions/currentuser - 13:10:05","timestamp":"2023-12-22T16:10:05.530Z"}
{"level":"http","message":"POST / - 13:10:28","timestamp":"2023-12-22T16:10:28.081Z"}
{"level":"http","message":"POST / - 13:11:38","timestamp":"2023-12-22T16:11:38.661Z"}
{"level":"http","message":"GET /login - 13:11:43","timestamp":"2023-12-22T16:11:43.060Z"}
{"level":"http","message":"GET /api/sessions/currentuser - 13:11:43","timestamp":"2023-12-22T16:11:43.316Z"}
{"level":"http","message":"POST /api/sessions/login - 13:11:46","timestamp":"2023-12-22T16:11:46.287Z"}
{"level":"http","message":"GET /api/sessions/login - 13:12:11","timestamp":"2023-12-22T16:12:11.579Z"}
{"level":"http","message":"GET /api/sessions/login - 13:12:25","timestamp":"2023-12-22T16:12:25.343Z"}
{"level":"info","message":"DB conectada","timestamp":"2023-12-22T16:28:19.490Z"}
{"level":"http","message":"✅Server escuchando in the port: 8080","timestamp":"2023-12-22T16:28:19.495Z"}
{"level":"http","message":"GET /api/sessions/login - 13:28:35","timestamp":"2023-12-22T16:28:35.622Z"}
{"level":"http","message":"GET /api/sessions/login - 13:28:40","timestamp":"2023-12-22T16:28:40.473Z"}
{"level":"http","message":"GET /api/sessions/login - 13:28:52","timestamp":"2023-12-22T16:28:52.474Z"}
{"level":"http","message":"GET /api/session/login - 13:29:05","timestamp":"2023-12-22T16:29:05.182Z"}
{"level":"http","message":"GET /login - 13:29:13","timestamp":"2023-12-22T16:29:13.744Z"}
{"level":"http","message":"GET /api/sessions/currentuser - 13:29:14","timestamp":"2023-12-22T16:29:14.181Z"}
{"level":"http","message":"GET /favicon.ico - 13:29:14","timestamp":"2023-12-22T16:29:14.302Z"}
{"level":"http","message":"POST /api/sessions/login - 13:29:18","timestamp":"2023-12-22T16:29:18.279Z"}
{"level":"info","message":"DB conectada","timestamp":"2023-12-22T16:36:20.670Z"}
{"level":"http","message":"✅Server escuchando in the port: 8080","timestamp":"2023-12-22T16:36:20.675Z"}
{"level":"info","message":"DB conectada","timestamp":"2023-12-22T16:40:11.459Z"}
{"level":"http","message":"✅Server escuchando in the port: 8080","timestamp":"2023-12-22T16:40:11.465Z"}
{"level":"info","message":"DB conectada","timestamp":"2023-12-22T16:40:20.930Z"}
{"level":"http","message":"✅Server escuchando in the port: 8080","timestamp":"2023-12-22T16:40:20.935Z"}
{"level":"info","message":"DB conectada","timestamp":"2023-12-23T04:23:34.373Z"}
{"level":"http","message":"✅Server escuchando in the port: 8080","timestamp":"2023-12-23T04:23:34.376Z"}
{"level":"http","message":"GET /register - 01:23:48","timestamp":"2023-12-23T04:23:48.685Z"}
{"level":"http","message":"GET /api/sessions/currentuser - 01:23:49","timestamp":"2023-12-23T04:23:49.101Z"}
{"level":"http","message":"POST /api/sessions/register - 01:24:43","timestamp":"2023-12-23T04:24:43.913Z"}
{"level":"http","message":"GET /profile - 01:24:45","timestamp":"2023-12-23T04:24:45.248Z"}
{"level":"http","message":"GET /api/sessions/currentuser - 01:24:46","timestamp":"2023-12-23T04:24:46.626Z"}
{"level":"http","message":"GET /profile? - 01:27:40","timestamp":"2023-12-23T04:27:40.587Z"}
{"level":"http","message":"GET /api/sessions/currentuser - 01:27:40","timestamp":"2023-12-23T04:27:40.991Z"}
{"level":"http","message":"GET /profile? - 01:34:47","timestamp":"2023-12-23T04:34:47.071Z"}
{"level":"http","message":"GET /api/sessions/currentuser - 01:34:47","timestamp":"2023-12-23T04:34:47.444Z"}
{"level":"http","message":"GET /home - 01:34:54","timestamp":"2023-12-23T04:34:54.624Z"}
{"level":"http","message":"GET /api/products - 01:35:10","timestamp":"2023-12-23T04:35:10.125Z"}
{"level":"http","message":"GET /api/paginate - 01:37:55","timestamp":"2023-12-23T04:37:55.205Z"}
{"level":"info","message":"DB conectada","timestamp":"2023-12-23T04:42:30.487Z"}
{"level":"http","message":"✅Server escuchando in the port: 8080","timestamp":"2023-12-23T04:42:30.491Z"}
{"level":"info","message":"DB conectada","timestamp":"2023-12-23T04:42:39.711Z"}
{"level":"http","message":"✅Server escuchando in the port: 8080","timestamp":"2023-12-23T04:42:39.714Z"}
{"level":"info","message":"DB conectada","timestamp":"2023-12-23T04:45:24.878Z"}
{"level":"http","message":"✅Server escuchando in the port: 8080","timestamp":"2023-12-23T04:45:24.881Z"}
{"level":"info","message":"DB conectada","timestamp":"2023-12-23T04:45:55.268Z"}
{"level":"http","message":"✅Server escuchando in the port: 8080","timestamp":"2023-12-23T04:45:55.271Z"}
{"level":"info","message":"DB conectada","timestamp":"2023-12-23T04:46:31.404Z"}
{"level":"http","message":"✅Server escuchando in the port: 8080","timestamp":"2023-12-23T04:46:31.407Z"}
{"level":"info","message":"DB conectada","timestamp":"2023-12-23T04:49:25.047Z"}
{"level":"http","message":"✅Server escuchando in the port: 8080","timestamp":"2023-12-23T04:49:25.050Z"}
{"level":"info","message":"DB conectada","timestamp":"2023-12-24T02:37:28.768Z"}
{"level":"http","message":"✅Server escuchando in the port: 8080","timestamp":"2023-12-24T02:37:28.774Z"}
{"level":"http","message":"GET / - 23:37:46","timestamp":"2023-12-24T02:37:46.713Z"}
{"level":"http","message":"GET /api/sessions/currentuser - 23:37:46","timestamp":"2023-12-24T02:37:46.873Z"}
{"level":"http","message":"GET /favicon.ico - 23:37:46","timestamp":"2023-12-24T02:37:46.989Z"}
{"level":"http","message":"GET / - 23:38:22","timestamp":"2023-12-24T02:38:22.712Z"}
{"level":"http","message":"GET /api/sessions/currentuser - 23:38:22","timestamp":"2023-12-24T02:38:22.979Z"}
{"level":"info","message":"DB conectada","timestamp":"2023-12-24T02:41:33.623Z"}
{"level":"http","message":"✅Server escuchando in the port: 8080","timestamp":"2023-12-24T02:41:33.629Z"}
{"level":"http","message":"GET / - 23:41:39","timestamp":"2023-12-24T02:41:39.873Z"}
{"level":"http","message":"GET /api/sessions/currentuser - 23:41:40","timestamp":"2023-12-24T02:41:40.185Z"}
{"level":"http","message":"GET / - 23:42:02","timestamp":"2023-12-24T02:42:02.593Z"}
{"level":"http","message":"GET /api/sessions/currentuser - 23:42:03","timestamp":"2023-12-24T02:42:03.073Z"}
{"level":"http","message":"GET /apidocs/ - 23:42:13","timestamp":"2023-12-24T02:42:13.103Z"}
{"level":"http","message":"GET /apidocs/swagger-ui-standalone-preset.js - 23:42:13","timestamp":"2023-12-24T02:42:13.289Z"}
{"level":"http","message":"GET /apidocs/swagger-ui-bundle.js - 23:42:13","timestamp":"2023-12-24T02:42:13.330Z"}
{"level":"http","message":"GET /apidocs/swagger-ui.css - 23:42:13","timestamp":"2023-12-24T02:42:13.332Z"}
{"level":"http","message":"GET /apidocs/swagger-ui-init.js - 23:42:13","timestamp":"2023-12-24T02:42:13.334Z"}
{"level":"http","message":"GET /apidocs/swagger-ui.css.map - 23:42:14","timestamp":"2023-12-24T02:42:14.461Z"}
{"level":"http","message":"GET /apidocs/swagger-ui-bundle.js.map - 23:42:14","timestamp":"2023-12-24T02:42:14.594Z"}
{"level":"http","message":"GET /apidocs/swagger-ui-standalone-preset.js.map - 23:42:14","timestamp":"2023-12-24T02:42:14.630Z"}
{"level":"http","message":"GET /apidocs/favicon-32x32.png - 23:42:14","timestamp":"2023-12-24T02:42:14.705Z"}
{"level":"info","message":"DB conectada","timestamp":"2023-12-24T02:44:28.796Z"}
{"level":"http","message":"✅Server escuchando in the port: 8080","timestamp":"2023-12-24T02:44:28.799Z"}
{"level":"http","message":"GET /apidocs/ - 23:44:32","timestamp":"2023-12-24T02:44:32.985Z"}
{"level":"http","message":"GET /apidocs/swagger-ui.css - 23:44:33","timestamp":"2023-12-24T02:44:33.420Z"}
{"level":"http","message":"GET /apidocs/swagger-ui-bundle.js - 23:44:33","timestamp":"2023-12-24T02:44:33.422Z"}
{"level":"http","message":"GET /apidocs/swagger-ui-standalone-preset.js - 23:44:33","timestamp":"2023-12-24T02:44:33.427Z"}
{"level":"http","message":"GET /apidocs/swagger-ui-init.js - 23:44:33","timestamp":"2023-12-24T02:44:33.429Z"}
{"level":"http","message":"GET /apidocs/swagger-ui.css.map - 23:44:33","timestamp":"2023-12-24T02:44:33.957Z"}
{"level":"http","message":"GET /apidocs/swagger-ui-bundle.js.map - 23:44:34","timestamp":"2023-12-24T02:44:34.808Z"}
{"level":"http","message":"GET /apidocs/swagger-ui-standalone-preset.js.map - 23:44:34","timestamp":"2023-12-24T02:44:34.854Z"}
{"level":"http","message":"GET /apidocs/favicon-32x32.png - 23:44:34","timestamp":"2023-12-24T02:44:34.942Z"}
{"level":"info","message":"DB conectada","timestamp":"2023-12-24T02:44:55.825Z"}
{"level":"http","message":"✅Server escuchando in the port: 8080","timestamp":"2023-12-24T02:44:55.828Z"}
{"level":"http","message":"GET /apidocs/ - 23:45:00","timestamp":"2023-12-24T02:45:00.721Z"}
{"level":"http","message":"GET /apidocs/swagger-ui-standalone-preset.js - 23:45:03","timestamp":"2023-12-24T02:45:03.242Z"}
{"level":"http","message":"GET /apidocs/swagger-ui.css - 23:45:03","timestamp":"2023-12-24T02:45:03.244Z"}
{"level":"http","message":"GET /apidocs/swagger-ui-bundle.js - 23:45:03","timestamp":"2023-12-24T02:45:03.247Z"}
{"level":"http","message":"GET /apidocs/swagger-ui-init.js - 23:45:03","timestamp":"2023-12-24T02:45:03.250Z"}
{"level":"http","message":"GET /apidocs/swagger-ui.css.map - 23:45:04","timestamp":"2023-12-24T02:45:04.523Z"}
{"level":"http","message":"GET /apidocs/swagger-ui-bundle.js.map - 23:45:04","timestamp":"2023-12-24T02:45:04.590Z"}
{"level":"http","message":"GET /apidocs/swagger-ui-standalone-preset.js.map - 23:45:04","timestamp":"2023-12-24T02:45:04.627Z"}
{"level":"http","message":"GET /apidocs/favicon-32x32.png - 23:45:04","timestamp":"2023-12-24T02:45:04.660Z"}
{"level":"info","message":"DB conectada","timestamp":"2023-12-24T03:02:20.487Z"}
{"level":"http","message":"✅Server escuchando in the port: 8080","timestamp":"2023-12-24T03:02:20.490Z"}
{"level":"http","message":"GET /apidocs/ - 00:02:40","timestamp":"2023-12-24T03:02:40.236Z"}
{"level":"http","message":"GET /apidocs/swagger-ui-standalone-preset.js - 00:02:40","timestamp":"2023-12-24T03:02:40.668Z"}
{"level":"http","message":"GET /apidocs/swagger-ui.css - 00:02:40","timestamp":"2023-12-24T03:02:40.669Z"}
{"level":"http","message":"GET /apidocs/swagger-ui-bundle.js - 00:02:40","timestamp":"2023-12-24T03:02:40.672Z"}
{"level":"http","message":"GET /apidocs/swagger-ui-init.js - 00:02:40","timestamp":"2023-12-24T03:02:40.675Z"}
{"level":"http","message":"GET /apidocs/swagger-ui.css.map - 00:02:41","timestamp":"2023-12-24T03:02:41.919Z"}
{"level":"http","message":"GET /apidocs/swagger-ui-bundle.js.map - 00:02:42","timestamp":"2023-12-24T03:02:42.072Z"}
{"level":"http","message":"GET /apidocs/swagger-ui-standalone-preset.js.map - 00:02:42","timestamp":"2023-12-24T03:02:42.120Z"}
{"level":"http","message":"GET /apidocs/favicon-32x32.png - 00:02:42","timestamp":"2023-12-24T03:02:42.216Z"}
{"level":"info","message":"DB conectada","timestamp":"2023-12-24T03:02:59.479Z"}
{"level":"http","message":"✅Server escuchando in the port: 8080","timestamp":"2023-12-24T03:02:59.482Z"}
{"level":"http","message":"GET / - 00:06:51","timestamp":"2023-12-24T03:06:51.275Z"}
{"level":"http","message":"GET /api/sessions/currentuser - 00:06:51","timestamp":"2023-12-24T03:06:51.789Z"}
{"level":"http","message":"POST /api/sessions/login - 00:06:57","timestamp":"2023-12-24T03:06:57.459Z"}
{"level":"http","message":"GET /login - 00:06:57","timestamp":"2023-12-24T03:06:57.841Z"}
{"level":"http","message":"GET /api/sessions/currentuser - 00:06:59","timestamp":"2023-12-24T03:06:59.058Z"}
{"level":"http","message":"POST /api/sessions/login - 00:07:17","timestamp":"2023-12-24T03:07:17.229Z"}
{"level":"http","message":"GET /profile - 00:07:18","timestamp":"2023-12-24T03:07:18.325Z"}
{"level":"http","message":"GET /api/sessions/currentuser - 00:07:18","timestamp":"2023-12-24T03:07:18.798Z"}
{"level":"http","message":"GET /home - 00:07:28","timestamp":"2023-12-24T03:07:28.727Z"}
{"level":"http","message":"GET /resetPass - 00:09:13","timestamp":"2023-12-24T03:09:13.100Z"}
{"level":"http","message":"GET / - 00:09:13","timestamp":"2023-12-24T03:09:13.447Z"}
{"level":"http","message":"GET /api/sessions/currentuser - 00:09:14","timestamp":"2023-12-24T03:09:14.030Z"}
{"level":"http","message":"GET /resetPassError - 00:09:45","timestamp":"2023-12-24T03:09:45.735Z"}
{"level":"http","message":"GET / - 00:09:46","timestamp":"2023-12-24T03:09:46.098Z"}
{"level":"http","message":"GET /api/sessions/currentuser - 00:09:46","timestamp":"2023-12-24T03:09:46.741Z"}
{"level":"http","message":"POST /api/sessions/login - 00:09:50","timestamp":"2023-12-24T03:09:50.354Z"}
{"level":"http","message":"GET /login - 00:09:50","timestamp":"2023-12-24T03:09:50.870Z"}
{"level":"http","message":"GET / - 00:09:51","timestamp":"2023-12-24T03:09:51.222Z"}
{"level":"http","message":"GET /api/sessions/currentuser - 00:09:51","timestamp":"2023-12-24T03:09:51.837Z"}
{"level":"http","message":"GET /register - 00:10:16","timestamp":"2023-12-24T03:10:16.407Z"}
{"level":"http","message":"GET /api/sessions/currentuser - 00:10:16","timestamp":"2023-12-24T03:10:16.477Z"}
{"level":"http","message":"GET /resetPassError - 00:10:20","timestamp":"2023-12-24T03:10:20.435Z"}
{"level":"http","message":"GET /api/sessions/currentuser - 00:10:20","timestamp":"2023-12-24T03:10:20.687Z"}
{"level":"http","message":"GET /favicon.ico - 00:10:20","timestamp":"2023-12-24T03:10:20.793Z"}
{"level":"http","message":"GET /resetPassConfirm - 00:10:50","timestamp":"2023-12-24T03:10:50.504Z"}
{"level":"http","message":"GET /api/sessions/currentuser - 00:10:50","timestamp":"2023-12-24T03:10:50.737Z"}
{"level":"http","message":"GET /resetPass - 00:11:59","timestamp":"2023-12-24T03:11:59.671Z"}
{"level":"http","message":"GET /api/sessions/currentuser - 00:11:59","timestamp":"2023-12-24T03:11:59.896Z"}
{"level":"http","message":"GET /admin - 00:12:36","timestamp":"2023-12-24T03:12:36.289Z"}
{"level":"http","message":"GET /messages - 00:13:04","timestamp":"2023-12-24T03:13:04.623Z"}
{"level":"http","message":"GET /messages - 00:13:12","timestamp":"2023-12-24T03:13:12.682Z"}
{"level":"http","message":"GET /login - 00:13:27","timestamp":"2023-12-24T03:13:27.081Z"}
{"level":"http","message":"GET /api/sessions/currentuser - 00:13:29","timestamp":"2023-12-24T03:13:29.738Z"}
{"level":"http","message":"POST /api/sessions/login - 00:14:34","timestamp":"2023-12-24T03:14:34.670Z"}
{"level":"http","message":"GET /profile - 00:14:35","timestamp":"2023-12-24T03:14:35.709Z"}
{"level":"http","message":"GET /api/sessions/currentuser - 00:14:36","timestamp":"2023-12-24T03:14:36.098Z"}
{"level":"http","message":"GET /messages - 00:14:52","timestamp":"2023-12-24T03:14:52.620Z"}
{"level":"http","message":"GET / - 00:15:00","timestamp":"2023-12-24T03:15:00.319Z"}
{"level":"http","message":"GET /api/sessions/currentuser - 00:15:00","timestamp":"2023-12-24T03:15:00.695Z"}
{"level":"http","message":"GET /cart - 00:15:22","timestamp":"2023-12-24T03:15:22.257Z"}
{"level":"http","message":"GET /contacto - 00:16:22","timestamp":"2023-12-24T03:16:22.895Z"}
{"level":"http","message":"GET /productos - 00:17:04","timestamp":"2023-12-24T03:17:04.987Z"}
{"level":"http","message":"GET /api/sessions/currentuser - 00:17:05","timestamp":"2023-12-24T03:17:05.604Z"}
{"level":"http","message":"GET /productos - 00:25:03","timestamp":"2023-12-24T03:25:03.907Z"}
{"level":"http","message":"GET /api/sessions/currentuser - 00:25:04","timestamp":"2023-12-24T03:25:04.469Z"}
{"level":"http","message":"GET /productos - 00:29:21","timestamp":"2023-12-24T03:29:21.641Z"}
{"level":"http","message":"GET /api/sessions/currentuser - 00:29:22","timestamp":"2023-12-24T03:29:22.204Z"}
